This file contains any messages produced by compilers while
running configure, to aid debugging if configure makes a mistake.

It was created by SoundTouch configure 1.6.0, which was
generated by GNU Autoconf 2.68.  Invocation command line was

  $ ./configure --enable-integer-samples

## --------- ##
## Platform. ##
## --------- ##

hostname = archbang
uname -m = i686
uname -r = 3.2.5-1-ARCH
uname -s = Linux
uname -v = #1 SMP PREEMPT Tue Feb 7 08:46:10 UTC 2012

/usr/bin/uname -p = unknown
/bin/uname -X     = unknown

/bin/arch              = i686
/usr/bin/arch -k       = unknown
/usr/convex/getsysinfo = unknown
/usr/bin/hostinfo      = unknown
/bin/machine           = unknown
/usr/bin/oslevel       = unknown
/bin/universe          = unknown

PATH: /usr/local/bin
PATH: /usr/bin
PATH: /bin
PATH: /usr/local/sbin
PATH: /usr/sbin
PATH: /sbin
PATH: /usr/bin/core_perl


## ----------- ##
## Core tests. ##
## ----------- ##

configure:2404: checking for a BSD-compatible install
configure:2472: result: /bin/install -c
configure:2483: checking whether build environment is sane
configure:2533: result: yes
configure:2674: checking for a thread-safe mkdir -p
configure:2713: result: /bin/mkdir -p
configure:2726: checking for gawk
configure:2742: found /usr/bin/gawk
configure:2753: result: gawk
configure:2764: checking whether make sets $(MAKE)
configure:2786: result: yes
configure:2967: checking for g++
configure:2983: found /usr/bin/g++
configure:2994: result: g++
configure:3021: checking for C++ compiler version
configure:3030: g++ --version >&5
g++ (GCC) 4.6.2 20120120 (prerelease)
Copyright (C) 2011 Free Software Foundation, Inc.
This is free software; see the source for copying conditions.  There is NO
warranty; not even for MERCHANTABILITY or FITNESS FOR A PARTICULAR PURPOSE.

configure:3041: $? = 0
configure:3030: g++ -v >&5
Using built-in specs.
COLLECT_GCC=g++
COLLECT_LTO_WRAPPER=/usr/lib/gcc/i686-pc-linux-gnu/4.6.2/lto-wrapper
Target: i686-pc-linux-gnu
Configured with: /build/src/gcc-4.6-20120120/configure --prefix=/usr --libdir=/usr/lib --libexecdir=/usr/lib --mandir=/usr/share/man --infodir=/usr/share/info --with-bugurl=https://bugs.archlinux.org/ --enable-languages=c,c++,ada,fortran,go,lto,objc,obj-c++ --enable-shared --enable-threads=posix --with-system-zlib --enable-__cxa_atexit --disable-libunwind-exceptions --enable-clocale=gnu --disable-libstdcxx-pch --enable-libstdcxx-time --enable-gnu-unique-object --enable-linker-build-id --with-ppl --enable-cloog-backend=isl --enable-lto --enable-gold --enable-ld=default --enable-plugin --with-plugin-ld=ld.gold --disable-multilib --disable-libssp --enable-checking=release
Thread model: posix
gcc version 4.6.2 20120120 (prerelease) (GCC) 
configure:3041: $? = 0
configure:3030: g++ -V >&5
g++: error: unrecognized option '-V'
g++: fatal error: no input files
compilation terminated.
configure:3041: $? = 1
configure:3030: g++ -qversion >&5
g++: error: unrecognized option '-qversion'
g++: fatal error: no input files
compilation terminated.
configure:3041: $? = 1
configure:3061: checking whether the C++ compiler works
configure:3083: g++    conftest.cpp  >&5
configure:3087: $? = 0
configure:3135: result: yes
configure:3138: checking for C++ compiler default output file name
configure:3140: result: a.out
configure:3146: checking for suffix of executables
configure:3153: g++ -o conftest    conftest.cpp  >&5
configure:3157: $? = 0
configure:3179: result: 
configure:3201: checking whether we are cross compiling
configure:3209: g++ -o conftest    conftest.cpp  >&5
configure:3213: $? = 0
configure:3220: ./conftest
configure:3224: $? = 0
configure:3239: result: no
configure:3244: checking for suffix of object files
configure:3266: g++ -c   conftest.cpp >&5
configure:3270: $? = 0
configure:3291: result: o
configure:3295: checking whether we are using the GNU C++ compiler
configure:3314: g++ -c   conftest.cpp >&5
configure:3314: $? = 0
configure:3323: result: yes
configure:3332: checking whether g++ accepts -g
configure:3352: g++ -c -g  conftest.cpp >&5
configure:3352: $? = 0
configure:3393: result: yes
configure:3427: checking for style of include used by make
configure:3455: result: GNU
configure:3481: checking dependency style of g++
configure:3592: result: gcc3
configure:3656: checking for gcc
configure:3672: found /usr/bin/gcc
configure:3683: result: gcc
configure:3912: checking for C compiler version
configure:3921: gcc --version >&5
gcc (GCC) 4.6.2 20120120 (prerelease)
Copyright (C) 2011 Free Software Foundation, Inc.
This is free software; see the source for copying conditions.  There is NO
warranty; not even for MERCHANTABILITY or FITNESS FOR A PARTICULAR PURPOSE.

configure:3932: $? = 0
configure:3921: gcc -v >&5
Using built-in specs.
COLLECT_GCC=gcc
COLLECT_LTO_WRAPPER=/usr/lib/gcc/i686-pc-linux-gnu/4.6.2/lto-wrapper
Target: i686-pc-linux-gnu
Configured with: /build/src/gcc-4.6-20120120/configure --prefix=/usr --libdir=/usr/lib --libexecdir=/usr/lib --mandir=/usr/share/man --infodir=/usr/share/info --with-bugurl=https://bugs.archlinux.org/ --enable-languages=c,c++,ada,fortran,go,lto,objc,obj-c++ --enable-shared --enable-threads=posix --with-system-zlib --enable-__cxa_atexit --disable-libunwind-exceptions --enable-clocale=gnu --disable-libstdcxx-pch --enable-libstdcxx-time --enable-gnu-unique-object --enable-linker-build-id --with-ppl --enable-cloog-backend=isl --enable-lto --enable-gold --enable-ld=default --enable-plugin --with-plugin-ld=ld.gold --disable-multilib --disable-libssp --enable-checking=release
Thread model: posix
gcc version 4.6.2 20120120 (prerelease) (GCC) 
configure:3932: $? = 0
configure:3921: gcc -V >&5
gcc: error: unrecognized option '-V'
gcc: fatal error: no input files
compilation terminated.
configure:3932: $? = 1
configure:3921: gcc -qversion >&5
gcc: error: unrecognized option '-qversion'
gcc: fatal error: no input files
compilation terminated.
configure:3932: $? = 1
configure:3936: checking whether we are using the GNU C compiler
configure:3955: gcc -c   conftest.c >&5
configure:3955: $? = 0
configure:3964: result: yes
configure:3973: checking whether gcc accepts -g
configure:3993: gcc -c -g  conftest.c >&5
configure:3993: $? = 0
configure:4034: result: yes
configure:4051: checking for gcc option to accept ISO C89
configure:4115: gcc  -c -g -O2  conftest.c >&5
configure:4115: $? = 0
configure:4128: result: none needed
configure:4150: checking dependency style of gcc
configure:4261: result: gcc3
configure:4281: checking how to run the C preprocessor
configure:4312: gcc -E  conftest.c
configure:4312: $? = 0
configure:4326: gcc -E  conftest.c
conftest.c:11:28: fatal error: ac_nonexistent.h: No such file or directory
compilation terminated.
configure:4326: $? = 1
configure: failed program was:
| /* confdefs.h */
| #define PACKAGE_NAME "SoundTouch"
| #define PACKAGE_TARNAME "soundtouch"
| #define PACKAGE_VERSION "1.6.0"
| #define PACKAGE_STRING "SoundTouch 1.6.0"
| #define PACKAGE_BUGREPORT "http://www.surina.net/soundtouch"
| #define PACKAGE_URL ""
| #define PACKAGE "soundtouch"
| #define VERSION "1.6.0"
| /* end confdefs.h.  */
| #include <ac_nonexistent.h>
configure:4351: result: gcc -E
configure:4371: gcc -E  conftest.c
configure:4371: $? = 0
configure:4385: gcc -E  conftest.c
conftest.c:11:28: fatal error: ac_nonexistent.h: No such file or directory
compilation terminated.
configure:4385: $? = 1
configure: failed program was:
| /* confdefs.h */
| #define PACKAGE_NAME "SoundTouch"
| #define PACKAGE_TARNAME "soundtouch"
| #define PACKAGE_VERSION "1.6.0"
| #define PACKAGE_STRING "SoundTouch 1.6.0"
| #define PACKAGE_BUGREPORT "http://www.surina.net/soundtouch"
| #define PACKAGE_URL ""
| #define PACKAGE "soundtouch"
| #define VERSION "1.6.0"
| /* end confdefs.h.  */
| #include <ac_nonexistent.h>
configure:4418: checking how to run the C++ preprocessor
configure:4445: g++ -E  conftest.cpp
configure:4445: $? = 0
configure:4459: g++ -E  conftest.cpp
conftest.cpp:11:28: fatal error: ac_nonexistent.h: No such file or directory
compilation terminated.
configure:4459: $? = 1
configure: failed program was:
| /* confdefs.h */
| #define PACKAGE_NAME "SoundTouch"
| #define PACKAGE_TARNAME "soundtouch"
| #define PACKAGE_VERSION "1.6.0"
| #define PACKAGE_STRING "SoundTouch 1.6.0"
| #define PACKAGE_BUGREPORT "http://www.surina.net/soundtouch"
| #define PACKAGE_URL ""
| #define PACKAGE "soundtouch"
| #define VERSION "1.6.0"
| /* end confdefs.h.  */
| #include <ac_nonexistent.h>
configure:4484: result: g++ -E
configure:4504: g++ -E  conftest.cpp
configure:4504: $? = 0
configure:4518: g++ -E  conftest.cpp
conftest.cpp:11:28: fatal error: ac_nonexistent.h: No such file or directory
compilation terminated.
configure:4518: $? = 1
configure: failed program was:
| /* confdefs.h */
| #define PACKAGE_NAME "SoundTouch"
| #define PACKAGE_TARNAME "soundtouch"
| #define PACKAGE_VERSION "1.6.0"
| #define PACKAGE_STRING "SoundTouch 1.6.0"
| #define PACKAGE_BUGREPORT "http://www.surina.net/soundtouch"
| #define PACKAGE_URL ""
| #define PACKAGE "soundtouch"
| #define VERSION "1.6.0"
| /* end confdefs.h.  */
| #include <ac_nonexistent.h>
configure:4548: checking whether make sets $(MAKE)
configure:4570: result: yes
configure:4609: checking build system type
configure:4623: result: i686-pc-linux-gnu
configure:4643: checking host system type
configure:4656: result: i686-pc-linux-gnu
configure:4697: checking how to print strings
configure:4724: result: printf
configure:4745: checking for a sed that does not truncate output
configure:4809: result: /bin/sed
configure:4827: checking for grep that handles long lines and -e
configure:4885: result: /usr/bin/grep
configure:4890: checking for egrep
configure:4952: result: /usr/bin/grep -E
configure:4957: checking for fgrep
configure:5019: result: /usr/bin/grep -F
configure:5054: checking for ld used by gcc
configure:5121: result: /usr/bin/ld
configure:5128: checking if the linker (/usr/bin/ld) is GNU ld
configure:5143: result: yes
configure:5155: checking for BSD- or MS-compatible name lister (nm)
configure:5204: result: /usr/bin/nm -B
configure:5334: checking the name lister (/usr/bin/nm -B) interface
configure:5341: g++ -c -g -O2  conftest.cpp >&5
configure:5344: /usr/bin/nm -B "conftest.o"
configure:5347: output
00000000 B some_variable
configure:5354: result: BSD nm
configure:5357: checking whether ln -s works
configure:5361: result: yes
configure:5369: checking the maximum length of command line arguments
configure:5499: result: 1572864
configure:5516: checking whether the shell understands some XSI constructs
configure:5526: result: yes
configure:5530: checking whether the shell understands "+="
configure:5536: result: yes
configure:5571: checking how to convert i686-pc-linux-gnu file names to i686-pc-linux-gnu format
configure:5611: result: func_convert_file_noop
configure:5618: checking how to convert i686-pc-linux-gnu file names to toolchain format
configure:5638: result: func_convert_file_noop
configure:5645: checking for /usr/bin/ld option to reload object files
configure:5652: result: -r
configure:5726: checking for objdump
configure:5742: found /usr/bin/objdump
configure:5753: result: objdump
configure:5785: checking how to recognize dependent libraries
configure:5987: result: pass_all
configure:6072: checking for dlltool
configure:6102: result: no
configure:6132: checking how to associate runtime and link libraries
configure:6159: result: printf %s\n
configure:6220: checking for ar
configure:6236: found /usr/bin/ar
configure:6247: result: ar
configure:6284: checking for archiver @FILE support
configure:6301: g++ -c -g -O2  conftest.cpp >&5
configure:6301: $? = 0
configure:6304: ar cru libconftest.a @conftest.lst >&5
configure:6307: $? = 0
configure:6312: ar cru libconftest.a @conftest.lst >&5
ar: conftest.o: No such file or directory
configure:6315: $? = 1
configure:6327: result: @
configure:6385: checking for strip
configure:6401: found /usr/bin/strip
configure:6412: result: strip
configure:6484: checking for ranlib
configure:6500: found /usr/bin/ranlib
configure:6511: result: ranlib
configure:6613: checking command to parse /usr/bin/nm -B output from gcc object
configure:6733: g++ -c -g -O2  conftest.cpp >&5
configure:6736: $? = 0
configure:6740: /usr/bin/nm -B conftest.o \| sed -n -e 's/^.*[ ]\([ABCDGIRSTW][ABCDGIRSTW]*\)[ ][ ]*\([_A-Za-z][_A-Za-z0-9]*\)$/\1 \2 \2/p' | sed '/ __gnu_lto/d' \> conftest.nm
configure:6743: $? = 0
configure:6809: g++ -o conftest -g -O2   conftest.cpp conftstm.o >&5
configure:6812: $? = 0
configure:6850: result: ok
configure:6887: checking for sysroot
configure:6917: result: no
configure:7174: checking for mt
configure:7204: result: no
configure:7224: checking if : is a manifest tool
configure:7230: : '-?'
configure:7238: result: no
configure:7876: checking for ANSI C header files
configure:7896: g++ -c -g -O2  conftest.cpp >&5
configure:7896: $? = 0
configure:7969: g++ -o conftest -g -O2   conftest.cpp  >&5
configure:7969: $? = 0
configure:7969: ./conftest
configure:7969: $? = 0
configure:7980: result: yes
configure:7993: checking for sys/types.h
configure:7993: g++ -c -g -O2  conftest.cpp >&5
configure:7993: $? = 0
configure:7993: result: yes
configure:7993: checking for sys/stat.h
configure:7993: g++ -c -g -O2  conftest.cpp >&5
configure:7993: $? = 0
configure:7993: result: yes
configure:7993: checking for stdlib.h
configure:7993: g++ -c -g -O2  conftest.cpp >&5
configure:7993: $? = 0
configure:7993: result: yes
configure:7993: checking for string.h
configure:7993: g++ -c -g -O2  conftest.cpp >&5
configure:7993: $? = 0
configure:7993: result: yes
configure:7993: checking for memory.h
configure:7993: g++ -c -g -O2  conftest.cpp >&5
configure:7993: $? = 0
configure:7993: result: yes
configure:7993: checking for strings.h
configure:7993: g++ -c -g -O2  conftest.cpp >&5
configure:7993: $? = 0
configure:7993: result: yes
configure:7993: checking for inttypes.h
configure:7993: g++ -c -g -O2  conftest.cpp >&5
configure:7993: $? = 0
configure:7993: result: yes
configure:7993: checking for stdint.h
configure:7993: g++ -c -g -O2  conftest.cpp >&5
configure:7993: $? = 0
configure:7993: result: yes
configure:7993: checking for unistd.h
configure:7993: g++ -c -g -O2  conftest.cpp >&5
configure:7993: $? = 0
configure:7993: result: yes
configure:8007: checking for dlfcn.h
configure:8007: g++ -c -g -O2  conftest.cpp >&5
configure:8007: $? = 0
configure:8007: result: yes
configure:8193: checking for objdir
configure:8208: result: .libs
configure:8479: checking if gcc supports -fno-rtti -fno-exceptions
configure:8497: gcc -c -g -O2  -fno-rtti -fno-exceptions conftest.c >&5
cc1: warning: command line option '-fno-rtti' is valid for C++/ObjC++ but not for C [enabled by default]
configure:8501: $? = 0
configure:8514: result: no
configure:8841: checking for gcc option to produce PIC
configure:8848: result: -fPIC -DPIC
configure:8856: checking if gcc PIC flag -fPIC -DPIC works
configure:8874: gcc -c -g -O2  -fPIC -DPIC -DPIC conftest.c >&5
configure:8878: $? = 0
configure:8891: result: yes
configure:8920: checking if gcc static flag -static works
configure:8948: result: yes
configure:8963: checking if gcc supports -c -o file.o
configure:8984: gcc -c -g -O2  -o out/conftest2.o conftest.c >&5
configure:8988: $? = 0
configure:9010: result: yes
configure:9018: checking if gcc supports -c -o file.o
configure:9065: result: yes
configure:9098: checking whether the gcc linker (/usr/bin/ld) supports shared libraries
configure:10251: result: yes
configure:10491: checking dynamic linker characteristics
configure:11002: gcc -o conftest -g -O2   -Wl,-rpath -Wl,/foo conftest.c  >&5
configure:11002: $? = 0
configure:11224: result: GNU/Linux ld.so
configure:11331: checking how to hardcode library paths into programs
configure:11356: result: immediate
configure:11896: checking whether stripping libraries is possible
configure:11901: result: yes
configure:11936: checking if libtool supports shared libraries
configure:11938: result: yes
configure:11941: checking whether to build shared libraries
configure:11962: result: no
configure:11965: checking whether to build static libraries
configure:11969: result: yes
configure:11992: checking how to run the C++ preprocessor
configure:12058: result: g++ -E
configure:12078: g++ -E  conftest.cpp
configure:12078: $? = 0
configure:12092: g++ -E  conftest.cpp
conftest.cpp:23:28: fatal error: ac_nonexistent.h: No such file or directory
compilation terminated.
configure:12092: $? = 1
configure: failed program was:
| /* confdefs.h */
| #define PACKAGE_NAME "SoundTouch"
| #define PACKAGE_TARNAME "soundtouch"
| #define PACKAGE_VERSION "1.6.0"
| #define PACKAGE_STRING "SoundTouch 1.6.0"
| #define PACKAGE_BUGREPORT "http://www.surina.net/soundtouch"
| #define PACKAGE_URL ""
| #define PACKAGE "soundtouch"
| #define VERSION "1.6.0"
| #define STDC_HEADERS 1
| #define HAVE_SYS_TYPES_H 1
| #define HAVE_SYS_STAT_H 1
| #define HAVE_STDLIB_H 1
| #define HAVE_STRING_H 1
| #define HAVE_MEMORY_H 1
| #define HAVE_STRINGS_H 1
| #define HAVE_INTTYPES_H 1
| #define HAVE_STDINT_H 1
| #define HAVE_UNISTD_H 1
| #define HAVE_DLFCN_H 1
| #define LT_OBJDIR ".libs/"
| /* end confdefs.h.  */
| #include <ac_nonexistent.h>
configure:12261: checking for ld used by g++
configure:12328: result: /usr/bin/ld
configure:12335: checking if the linker (/usr/bin/ld) is GNU ld
configure:12350: result: yes
configure:12405: checking whether the g++ linker (/usr/bin/ld) supports shared libraries
configure:13410: result: yes
configure:13446: g++ -c -g -O2  conftest.cpp >&5
configure:13449: $? = 0
configure:13969: checking for g++ option to produce PIC
configure:13976: result: -fPIC -DPIC
configure:13984: checking if g++ PIC flag -fPIC -DPIC works
configure:14002: g++ -c -g -O2  -fPIC -DPIC -DPIC conftest.cpp >&5
configure:14006: $? = 0
configure:14019: result: yes
configure:14042: checking if g++ static flag -static works
configure:14070: result: yes
configure:14082: checking if g++ supports -c -o file.o
configure:14103: g++ -c -g -O2  -o out/conftest2.o conftest.cpp >&5
configure:14107: $? = 0
configure:14129: result: yes
configure:14134: checking if g++ supports -c -o file.o
configure:14181: result: yes
configure:14211: checking whether the g++ linker (/usr/bin/ld) supports shared libraries
configure:14247: result: yes
configure:14388: checking dynamic linker characteristics
configure:15055: result: GNU/Linux ld.so
configure:15108: checking how to hardcode library paths into programs
configure:15133: result: immediate
configure:15198: checking for ANSI C header files
configure:15302: result: yes
configure:15319: checking for an ANSI C-conforming const
configure:15384: g++ -c -g -O2  conftest.cpp >&5
configure:15384: $? = 0
configure:15391: result: yes
configure:15399: checking for inline
configure:15415: g++ -c -g -O2  conftest.cpp >&5
configure:15415: $? = 0
configure:15423: result: inline
configure:15470: checking for stdlib.h
configure:15470: result: yes
configure:15480: checking for GNU libc compatible malloc
configure:15504: g++ -o conftest -g -O2   conftest.cpp  >&5
configure:15504: $? = 0
configure:15504: ./conftest
configure:15504: $? = 0
configure:15514: result: yes
configure:15535: checking return type of signal handlers
configure:15553: g++ -c -g -O2  conftest.cpp >&5
conftest.cpp: In function 'int main()':
conftest.cpp:33:27: error: void value not ignored as it ought to be
configure:15553: $? = 1
configure: failed program was:
| /* confdefs.h */
| #define PACKAGE_NAME "SoundTouch"
| #define PACKAGE_TARNAME "soundtouch"
| #define PACKAGE_VERSION "1.6.0"
| #define PACKAGE_STRING "SoundTouch 1.6.0"
| #define PACKAGE_BUGREPORT "http://www.surina.net/soundtouch"
| #define PACKAGE_URL ""
| #define PACKAGE "soundtouch"
| #define VERSION "1.6.0"
| #define STDC_HEADERS 1
| #define HAVE_SYS_TYPES_H 1
| #define HAVE_SYS_STAT_H 1
| #define HAVE_STDLIB_H 1
| #define HAVE_STRING_H 1
| #define HAVE_MEMORY_H 1
| #define HAVE_STRINGS_H 1
| #define HAVE_INTTYPES_H 1
| #define HAVE_STDINT_H 1
| #define HAVE_UNISTD_H 1
| #define HAVE_DLFCN_H 1
| #define LT_OBJDIR ".libs/"
| #define STDC_HEADERS 1
| #define SOUNDTOUCH_INTEGER_SAMPLES 1
| #define HAVE_STDLIB_H 1
| #define HAVE_MALLOC 1
| /* end confdefs.h.  */
| #include <sys/types.h>
| #include <signal.h>
| 
| int
| main ()
| {
| return *(signal (0, 0)) (0) == 1;
|   ;
|   return 0;
| }
configure:15560: result: void
configure:15569: checking for sqrt in -lm
configure:15594: g++ -o conftest -g -O2   conftest.cpp -lm   >&5
configure:15594: $? = 0
configure:15603: result: yes
configure:15772: creating ./config.status

## ---------------------- ##
## Running config.status. ##
## ---------------------- ##

This file was extended by SoundTouch config.status 1.6.0, which was
generated by GNU Autoconf 2.68.  Invocation command line was

  CONFIG_FILES    = 
  CONFIG_HEADERS  = 
  CONFIG_LINKS    = 
  CONFIG_COMMANDS = 
  $ ./config.status 

on archbang

config.status:1162: creating Makefile
config.status:1162: creating source/Makefile
config.status:1162: creating source/SoundTouch/Makefile
config.status:1162: creating source/SoundStretch/Makefile
config.status:1162: creating include/Makefile
config.status:1162: creating soundtouch.pc
config.status:1162: creating include/soundtouch_config.h
config.status:1343: include/soundtouch_config.h is unchanged
config.status:1391: executing depfiles commands
config.status:1391: executing libtool commands

## ---------------- ##
## Cache variables. ##
## ---------------- ##

ac_cv_build=i686-pc-linux-gnu
ac_cv_c_compiler_gnu=yes
ac_cv_c_const=yes
ac_cv_c_inline=inline
ac_cv_cxx_compiler_gnu=yes
ac_cv_env_CCC_set=
ac_cv_env_CCC_value=
ac_cv_env_CC_set=
ac_cv_env_CC_value=
ac_cv_env_CFLAGS_set=
ac_cv_env_CFLAGS_value=
ac_cv_env_CPPFLAGS_set=
ac_cv_env_CPPFLAGS_value=
ac_cv_env_CPP_set=
ac_cv_env_CPP_value=
ac_cv_env_CXXCPP_set=
ac_cv_env_CXXCPP_value=
ac_cv_env_CXXFLAGS_set=
ac_cv_env_CXXFLAGS_value=
ac_cv_env_CXX_set=
ac_cv_env_CXX_value=
ac_cv_env_LDFLAGS_set=
ac_cv_env_LDFLAGS_value=
ac_cv_env_LIBS_set=
ac_cv_env_LIBS_value=
ac_cv_env_build_alias_set=
ac_cv_env_build_alias_value=
ac_cv_env_host_alias_set=
ac_cv_env_host_alias_value=
ac_cv_env_target_alias_set=
ac_cv_env_target_alias_value=
ac_cv_func_malloc_0_nonnull=yes
ac_cv_header_dlfcn_h=yes
ac_cv_header_inttypes_h=yes
ac_cv_header_memory_h=yes
ac_cv_header_stdc=yes
ac_cv_header_stdint_h=yes
ac_cv_header_stdlib_h=yes
ac_cv_header_string_h=yes
ac_cv_header_strings_h=yes
ac_cv_header_sys_stat_h=yes
ac_cv_header_sys_types_h=yes
ac_cv_header_unistd_h=yes
ac_cv_host=i686-pc-linux-gnu
ac_cv_lib_m_sqrt=yes
ac_cv_objext=o
ac_cv_path_EGREP='/usr/bin/grep -E'
ac_cv_path_FGREP='/usr/bin/grep -F'
ac_cv_path_GREP=/usr/bin/grep
ac_cv_path_SED=/bin/sed
ac_cv_path_install='/bin/install -c'
ac_cv_path_mkdir=/bin/mkdir
ac_cv_prog_AWK=gawk
ac_cv_prog_CPP='gcc -E'
ac_cv_prog_CXXCPP='g++ -E'
ac_cv_prog_ac_ct_AR=ar
ac_cv_prog_ac_ct_CC=gcc
ac_cv_prog_ac_ct_CXX=g++
ac_cv_prog_ac_ct_OBJDUMP=objdump
ac_cv_prog_ac_ct_RANLIB=ranlib
ac_cv_prog_ac_ct_STRIP=strip
ac_cv_prog_cc_c89=
ac_cv_prog_cc_g=yes
ac_cv_prog_cxx_g=yes
ac_cv_prog_make_make_set=yes
ac_cv_type_signal=void
am_cv_CC_dependencies_compiler_type=gcc3
am_cv_CXX_dependencies_compiler_type=gcc3
lt_cv_ar_at_file=@
lt_cv_deplibs_check_method=pass_all
lt_cv_file_magic_cmd='$MAGIC_CMD'
lt_cv_file_magic_test_file=
lt_cv_ld_reload_flag=-r
lt_cv_nm_interface='BSD nm'
lt_cv_objdir=.libs
lt_cv_path_LD=/usr/bin/ld
lt_cv_path_LDCXX=/usr/bin/ld
lt_cv_path_NM='/usr/bin/nm -B'
lt_cv_path_mainfest_tool=no
lt_cv_prog_compiler_c_o=yes
lt_cv_prog_compiler_c_o_CXX=yes
lt_cv_prog_compiler_pic='-fPIC -DPIC'
lt_cv_prog_compiler_pic_CXX='-fPIC -DPIC'
lt_cv_prog_compiler_pic_works=yes
lt_cv_prog_compiler_pic_works_CXX=yes
lt_cv_prog_compiler_rtti_exceptions=no
lt_cv_prog_compiler_static_works=yes
lt_cv_prog_compiler_static_works_CXX=yes
lt_cv_prog_gnu_ld=yes
lt_cv_prog_gnu_ldcxx=yes
lt_cv_sharedlib_from_linklib_cmd='printf %s\n'
lt_cv_shlibpath_overrides_runpath=no
lt_cv_sys_global_symbol_pipe='sed -n -e '\''s/^.*[	 ]\([ABCDGIRSTW][ABCDGIRSTW]*\)[	 ][	 ]*\([_A-Za-z][_A-Za-z0-9]*\)$/\1 \2 \2/p'\'' | sed '\''/ __gnu_lto/d'\'''
lt_cv_sys_global_symbol_to_c_name_address='sed -n -e '\''s/^: \([^ ]*\)[ ]*$/  {\"\1\", (void *) 0},/p'\'' -e '\''s/^[ABCDGIRSTW]* \([^ ]*\) \([^ ]*\)$/  {"\2", (void *) \&\2},/p'\'''
lt_cv_sys_global_symbol_to_c_name_address_lib_prefix='sed -n -e '\''s/^: \([^ ]*\)[ ]*$/  {\"\1\", (void *) 0},/p'\'' -e '\''s/^[ABCDGIRSTW]* \([^ ]*\) \(lib[^ ]*\)$/  {"\2", (void *) \&\2},/p'\'' -e '\''s/^[ABCDGIRSTW]* \([^ ]*\) \([^ ]*\)$/  {"lib\2", (void *) \&\2},/p'\'''
lt_cv_sys_global_symbol_to_cdecl='sed -n -e '\''s/^T .* \(.*\)$/extern int \1();/p'\'' -e '\''s/^[ABCDGIRSTW]* .* \(.*\)$/extern char \1;/p'\'''
lt_cv_sys_max_cmd_len=1572864
lt_cv_to_host_file_cmd=func_convert_file_noop
lt_cv_to_tool_file_cmd=func_convert_file_noop

## ----------------- ##
## Output variables. ##
## ----------------- ##

ACLOCAL='${SHELL} /home/jmena/cos333/technic/soundtouch/config/missing --run aclocal-1.11'
AMDEPBACKSLASH='\'
AMDEP_FALSE='#'
AMDEP_TRUE=''
AMTAR='$${TAR-tar}'
AR='ar'
AUTOCONF='${SHELL} /home/jmena/cos333/technic/soundtouch/config/missing --run autoconf'
AUTOHEADER='${SHELL} /home/jmena/cos333/technic/soundtouch/config/missing --run autoheader'
AUTOMAKE='${SHELL} /home/jmena/cos333/technic/soundtouch/config/missing --run automake-1.11'
AWK='gawk'
CC='gcc'
CCDEPMODE='depmode=gcc3'
CFLAGS='-g -O2'
CPP='gcc -E'
CPPFLAGS=''
CXX='g++'
CXXCPP='g++ -E'
CXXDEPMODE='depmode=gcc3'
CXXFLAGS='-g -O2'
CYGPATH_W='echo'
DEFS='-DHAVE_CONFIG_H'
DEPDIR='.deps'
DLLTOOL='false'
DSYMUTIL=''
DUMPBIN=''
ECHO_C=''
ECHO_N='-n'
ECHO_T=''
EGREP='/usr/bin/grep -E'
EXEEXT=''
FGREP='/usr/bin/grep -F'
GREP='/usr/bin/grep'
INSTALL_DATA='${INSTALL} -m 644'
INSTALL_PROGRAM='${INSTALL}'
INSTALL_SCRIPT='${INSTALL}'
INSTALL_STRIP_PROGRAM='$(install_sh) -c -s'
LD='/usr/bin/ld'
LDFLAGS=''
LIBOBJS=''
LIBS='-lm '
LIBTOOL='$(SHELL) $(top_builddir)/libtool'
LIPO=''
LN_S='ln -s'
LTLIBOBJS=''
MAKEINFO='${SHELL} /home/jmena/cos333/technic/soundtouch/config/missing --run makeinfo'
MANIFEST_TOOL=':'
MKDIR_P='/bin/mkdir -p'
NM='/usr/bin/nm -B'
NMEDIT=''
OBJDUMP='objdump'
OBJEXT='o'
OTOOL64=''
OTOOL=''
PACKAGE='soundtouch'
PACKAGE_BUGREPORT='http://www.surina.net/soundtouch'
PACKAGE_NAME='SoundTouch'
PACKAGE_STRING='SoundTouch 1.6.0'
PACKAGE_TARNAME='soundtouch'
PACKAGE_URL=''
PACKAGE_VERSION='1.6.0'
PATH_SEPARATOR=':'
RANLIB='ranlib'
SED='/bin/sed'
SET_MAKE=''
SHELL='/bin/sh'
STRIP='strip'
VERSION='1.6.0'
ac_ct_AR='ar'
ac_ct_CC='gcc'
ac_ct_CXX='g++'
ac_ct_DUMPBIN=''
am__EXEEXT_FALSE=''
am__EXEEXT_TRUE='#'
am__fastdepCC_FALSE='#'
am__fastdepCC_TRUE=''
am__fastdepCXX_FALSE='#'
am__fastdepCXX_TRUE=''
am__include='include'
am__isrc=''
am__leading_dot='.'
am__nodep='_no'
am__quote=''
am__tar='$${TAR-tar} chof - "$$tardir"'
am__untar='$${TAR-tar} xf -'
bindir='${exec_prefix}/bin'
build='i686-pc-linux-gnu'
build_alias=''
build_cpu='i686'
build_os='linux-gnu'
build_vendor='pc'
datadir='${datarootdir}'
datarootdir='${prefix}/share'
docdir='${datarootdir}/doc/${PACKAGE_TARNAME}'
dvidir='${docdir}'
exec_prefix='${prefix}'
host='i686-pc-linux-gnu'
host_alias=''
host_cpu='i686'
host_os='linux-gnu'
host_vendor='pc'
htmldir='${docdir}'
includedir='${prefix}/include'
infodir='${datarootdir}/info'
install_sh='${SHELL} /home/jmena/cos333/technic/soundtouch/config/install-sh'
libdir='${exec_prefix}/lib'
libexecdir='${exec_prefix}/libexec'
localedir='${datarootdir}/locale'
localstatedir='${prefix}/var'
mandir='${datarootdir}/man'
mkdir_p='/bin/mkdir -p'
oldincludedir='/usr/include'
pdfdir='${docdir}'
prefix='/usr/local'
program_transform_name='s,x,x,'
psdir='${docdir}'
sbindir='${exec_prefix}/sbin'
sharedstatedir='${prefix}/com'
sysconfdir='${prefix}/etc'
target_alias=''

## ----------- ##
## confdefs.h. ##
## ----------- ##

/* confdefs.h */
#define PACKAGE_NAME "SoundTouch"
#define PACKAGE_TARNAME "soundtouch"
#define PACKAGE_VERSION "1.6.0"
#define PACKAGE_STRING "SoundTouch 1.6.0"
#define PACKAGE_BUGREPORT "http://www.surina.net/soundtouch"
#define PACKAGE_URL ""
#define PACKAGE "soundtouch"
#define VERSION "1.6.0"
#define STDC_HEADERS 1
#define HAVE_SYS_TYPES_H 1
#define HAVE_SYS_STAT_H 1
#define HAVE_STDLIB_H 1
#define HAVE_STRING_H 1
#define HAVE_MEMORY_H 1
#define HAVE_STRINGS_H 1
#define HAVE_INTTYPES_H 1
#define HAVE_STDINT_H 1
#define HAVE_UNISTD_H 1
#define HAVE_DLFCN_H 1
#define LT_OBJDIR ".libs/"
#define STDC_HEADERS 1
#define SOUNDTOUCH_INTEGER_SAMPLES 1
#define HAVE_STDLIB_H 1
#define HAVE_MALLOC 1
#define RETSIGTYPE void
#define HAVE_LIBM 1

configure: exit 0
